2025-04-27T13:12:26.749Z [info]: Navigate to url
2025-04-27T13:13:09.442Z [info]: Navigate to url /program/sdet-test-scholarship
2025-04-27T13:16:34.463Z [info]: Navigate to url undefined /program/sdet-test-scholarship
2025-04-27T13:17:00.127Z [info]: Navigate to url /program/sdet-test-scholarship
2025-04-27T13:55:36.885Z [info]: Navigate to url /program/sdet-test-scholarship
2025-04-27T13:58:55.462Z [info]: Navigate to url /program/sdet-test-scholarship
2025-04-27T14:00:51.822Z [info]: Navigate to url /program/sdet-test-scholarship
2025-04-27T14:01:26.103Z [info]: Navigate to url /program/sdet-test-scholarship
2025-04-27T15:54:48.689Z [info]: Navigate to url /program/sdet-test-scholarship
2025-04-27T15:55:44.533Z [info]: Navigate to url /program/sdet-test-scholarship
2025-04-27T15:56:21.315Z [info]: Navigate to url /program/sdet-test-scholarship
2025-04-27T15:57:55.366Z [info]: Navigate to url /program/sdet-test-scholarship
2025-04-27T15:58:38.215Z [info]: Navigate to url /program/sdet-test-scholarship
2025-04-27T16:00:12.186Z [info]: Navigate to url /program/sdet-test-scholarship
2025-04-27T16:06:50.190Z [info]: Navigate to url /program/sdet-test-scholarship
2025-04-27T16:09:08.350Z [info]: Navigate to url /program/sdet-test-scholarship
2025-04-27T16:09:30.832Z [info]: Navigate to url /program/sdet-test-scholarship
2025-04-27T16:10:17.350Z [info]: Navigate to url /program/sdet-test-scholarship
2025-04-27T16:14:00.696Z [info]: Navigate to url /program/sdet-test-scholarship
2025-04-27T16:16:47.324Z [info]: Navigate to url /program/sdet-test-scholarship
2025-04-27T19:39:04.222Z [info]: Navigate to url /program/sdet-test-scholarship
2025-04-27T19:40:05.774Z [info]: Navigate to url /program/sdet-test-scholarship
2025-04-27T19:42:48.109Z [info]: Navigate to url /program/sdet-test-scholarship
2025-04-27T19:43:26.796Z [info]: Navigate to url /program/sdet-test-scholarship
2025-04-27T19:47:10.783Z [info]: Navigate to url /program/sdet-test-scholarship
2025-04-27T19:48:42.919Z [info]: Navigate to url /program/sdet-test-scholarship
2025-04-27T19:51:46.097Z [info]: Navigate to url /program/sdet-test-scholarship
2025-04-27T19:54:14.290Z [info]: Navigate to url /program/sdet-test-scholarship
2025-04-27T19:59:36.311Z [info]: Navigate to url /program/sdet-test-scholarship
2025-04-27T20:05:44.259Z [info]: Navigate to url /program/sdet-test-scholarship
2025-04-28T05:59:34.142Z [info]: Navigate to url /program/sdet-test-scholarship
2025-04-28T06:05:19.495Z [info]: Navigate to url /program/sdet-test-scholarship
2025-04-28T06:06:29.791Z [info]: Navigate to url /program/sdet-test-scholarship
2025-04-28T06:07:54.705Z [info]: Navigate to url /program/sdet-test-scholarship
2025-04-28T06:10:02.488Z [info]: Navigate to url /program/sdet-test-scholarship
2025-04-28T06:11:20.567Z [info]: Navigate to url /program/sdet-test-scholarship
2025-04-28T06:13:06.054Z [info]: Navigate to url /program/sdet-test-scholarship
2025-04-28T06:14:52.974Z [info]: Navigate to url /program/sdet-test-scholarship
2025-04-28T07:10:44.084Z [info]: Navigate to url /program/sdet-test-scholarship
2025-04-28T07:13:39.659Z [info]: Navigate to url /program/sdet-test-scholarship
2025-04-28T07:17:58.148Z [info]: Navigate to url /program/sdet-test-scholarship
2025-04-28T07:18:43.605Z [info]: Navigate to url /program/sdet-test-scholarship
2025-04-28T07:20:30.055Z [info]: Navigate to url /program/sdet-test-scholarship
2025-04-28T07:22:06.442Z [info]: Navigate to url /program/sdet-test-scholarship
2025-04-28T07:28:24.932Z [info]: Navigate to url /program/sdet-test-scholarship
2025-04-28T07:29:21.165Z [info]: Navigate to url /program/sdet-test-scholarship
2025-04-28T07:38:35.787Z [info]: Navigate to url /program/sdet-test-scholarship
2025-04-28T07:41:42.728Z [info]: Navigate to url /program/sdet-test-scholarship
2025-04-28T07:42:27.484Z [info]: Navigate to url /program/sdet-test-scholarship
2025-04-28T07:44:08.981Z [info]: Navigate to url /program/sdet-test-scholarship
2025-04-28T08:51:37.186Z [info]: Navigate to url /program/sdet-test-scholarship
2025-04-28T08:53:10.391Z [info]: Navigate to url /program/sdet-test-scholarship
2025-04-28T08:55:14.789Z [info]: Navigate to url /program/sdet-test-scholarship
2025-04-28T09:03:15.265Z [info]: Navigate to url /program/sdet-test-scholarship
2025-04-28T09:04:30.419Z [info]: Navigate to url /program/sdet-test-scholarship
2025-04-28T09:07:10.230Z [info]: Navigate to url /program/sdet-test-scholarship
2025-04-28T09:08:13.264Z [info]: Navigate to url /program/sdet-test-scholarship
2025-04-28T09:09:28.508Z [info]: Navigate to url /program/sdet-test-scholarship
2025-04-28T09:11:54.286Z [info]: Navigate to url /program/sdet-test-scholarship
2025-04-28T09:14:45.697Z [info]: Navigate to url /program/sdet-test-scholarship
2025-04-28T09:17:43.244Z [info]: Navigate to url /program/sdet-test-scholarship
2025-04-28T09:18:29.745Z [info]: Navigate to url /program/sdet-test-scholarship
2025-04-28T09:21:09.768Z [info]: Navigate to url /program/sdet-test-scholarship
2025-04-28T09:23:32.440Z [info]: Navigate to url /program/sdet-test-scholarship
2025-04-28T09:26:12.637Z [info]: Navigate to url /program/sdet-test-scholarship
2025-04-28T09:27:35.628Z [info]: Navigate to url /program/sdet-test-scholarship
2025-04-28T09:36:09.515Z [info]: Navigate to url /program/sdet-test-scholarship
2025-04-28T09:37:20.295Z [info]: Navigate to url /program/sdet-test-scholarship
2025-04-28T10:01:12.340Z [info]: Navigate to url /program/sdet-test-scholarship
2025-04-28T10:07:10.760Z [info]: Navigate to url /program/sdet-test-scholarship
2025-04-28T10:09:45.640Z [info]: Navigate to url /program/sdet-test-scholarship
2025-04-28T10:19:48.811Z [info]: Navigate to url /program/sdet-test-scholarship
2025-04-28T10:21:14.369Z [info]: Navigate to url /program/sdet-test-scholarship
2025-04-28T10:22:12.004Z [info]: Navigate to url /program/sdet-test-scholarship
2025-04-28T10:24:30.986Z [info]: Navigate to url /program/sdet-test-scholarship
2025-04-28T10:28:18.837Z [info]: Navigate to url /program/sdet-test-scholarship
2025-04-28T11:03:04.502Z [info]: Navigate to url /program/sdet-test-scholarship
2025-04-28T11:04:38.018Z [info]: Navigate to url /program/sdet-test-scholarship
2025-04-28T11:13:17.873Z [info]: Navigate to url /program/sdet-test-scholarship
2025-04-28T11:14:40.791Z [info]: Navigate to url /program/sdet-test-scholarship
2025-04-28T11:18:34.210Z [info]: Navigate to url /program/sdet-test-scholarship
2025-04-28T11:21:22.701Z [info]: Navigate to url /program/sdet-test-scholarship
2025-04-28T11:23:13.861Z [info]: Navigate to url /program/sdet-test-scholarship
2025-04-28T11:24:16.209Z [info]: Navigate to url /program/sdet-test-scholarship
2025-04-28T11:30:21.095Z [info]: Navigate to url /program/sdet-test-scholarship
2025-04-28T11:35:29.642Z [info]: Navigate to url /program/sdet-test-scholarship
2025-04-28T11:36:27.545Z [info]: Navigate to url /program/sdet-test-scholarship
2025-04-28T11:39:31.322Z [info]: Navigate to url /program/sdet-test-scholarship
2025-04-28T11:42:37.828Z [info]: Navigate to url /program/sdet-test-scholarship
2025-04-28T11:43:39.854Z [info]: Navigate to url /program/sdet-test-scholarship
2025-04-28T11:56:37.432Z [info]: Navigate to url /program/sdet-test-scholarship
2025-04-28T11:58:13.585Z [info]: Navigate to url /program/sdet-test-scholarship
2025-04-28T12:00:29.547Z [info]: Navigate to url /program/sdet-test-scholarship
2025-04-28T12:02:00.406Z [info]: Navigate to url /program/sdet-test-scholarship
2025-04-28T12:39:19.961Z [info]: Navigate to Url /program/sdet-test-scholarship
2025-04-28T12:39:24.525Z [info]: Apply to Login
2025-04-28T12:39:24.599Z [info]: Entered Email qrpsse@testmail.com
2025-04-28T12:39:24.681Z [info]: Go on Next Page
2025-04-28T12:39:27.749Z [info]: Entered First Name Test
2025-04-28T12:39:27.813Z [info]: Entered Last Name data
2025-04-28T12:39:27.858Z [info]: Entered Phone Number 1234567897
2025-04-28T12:39:27.944Z [info]: Entered Password Testdata@1234
2025-04-28T12:39:28.049Z [info]: Click age check box
2025-04-28T12:39:28.169Z [info]: Click submit button
2025-04-28T12:39:37.976Z [info]: Validate Page Title
2025-04-28T12:39:38.921Z [info]: fill Detail Info Form
2025-04-28T12:39:45.104Z [info]: Click Detail Info Form Next Page
2025-04-28T12:39:45.643Z [info]: Add Entities
2025-04-28T12:39:45.775Z [info]: Click Add Entities
2025-04-28T12:39:46.602Z [info]: Add Entities
2025-04-28T12:39:46.731Z [info]: Click Add Entities
2025-04-28T12:39:51.847Z [info]: Go on Next Page
2025-04-28T12:41:32.380Z [info]: Navigate to Url /program/sdet-test-scholarship
2025-04-28T12:41:35.561Z [info]: Apply to Login
2025-04-28T12:41:35.637Z [info]: Entered Email scqkvrss@testmail.com
2025-04-28T12:41:35.725Z [info]: Go on Next Page
2025-04-28T12:41:38.865Z [info]: Entered First Name Test
2025-04-28T12:41:38.958Z [info]: Entered Last Name data
2025-04-28T12:41:39.015Z [info]: Entered Phone Number 1234567897
2025-04-28T12:41:39.114Z [info]: Entered Password Testdata@1234
2025-04-28T12:41:39.252Z [info]: Click age check box
2025-04-28T12:41:39.330Z [info]: Click submit button
2025-04-28T12:41:46.796Z [info]: Validate Page Title
2025-04-28T12:41:47.710Z [info]: fill Detail Info Form
2025-04-28T12:42:45.639Z [info]: Navigate to Url /program/sdet-test-scholarship
2025-04-28T12:42:49.428Z [info]: Apply to Login
2025-04-28T12:42:49.491Z [info]: Entered Email prtftgnvc@testmail.com
2025-04-28T12:42:49.603Z [info]: Go on Next Page
2025-04-28T12:42:51.817Z [info]: Entered First Name Test
2025-04-28T12:42:51.874Z [info]: Entered Last Name data
2025-04-28T12:42:52.117Z [info]: Entered Phone Number 1234567897
2025-04-28T12:42:52.219Z [info]: Entered Password Testdata@1234
2025-04-28T12:42:52.368Z [info]: Click age check box
2025-04-28T12:42:52.466Z [info]: Click submit button
2025-04-28T12:43:00.575Z [info]: Validate Page Title
2025-04-28T12:43:01.343Z [info]: fill Detail Info Form
2025-04-28T12:43:05.470Z [info]: Click Detail Info Form Next Page
2025-04-28T12:43:05.929Z [info]: Add Entities
2025-04-28T12:43:06.100Z [info]: Click Add Entities
2025-04-28T12:43:06.965Z [info]: Add Entities
2025-04-28T12:43:07.179Z [info]: Click Add Entities
2025-04-28T12:43:12.340Z [info]: Go on Next Page
2025-04-28T12:49:00.281Z [info]: Navigate to Url /program/sdet-test-scholarship
2025-04-28T12:49:03.872Z [info]: Apply to Login
2025-04-28T12:49:03.932Z [info]: Entered Email lvhyc@testmail.com
2025-04-28T12:49:04.007Z [info]: Go on Next Page
2025-04-28T12:49:07.429Z [info]: Entered First Name Test
2025-04-28T12:49:07.683Z [info]: Entered Last Name data
2025-04-28T12:49:07.737Z [info]: Entered Phone Number 1234567897
2025-04-28T12:49:07.826Z [info]: Entered Password Testdata@1234
2025-04-28T12:49:07.929Z [info]: Click age check box
2025-04-28T12:49:08.031Z [info]: Click submit button
2025-04-28T12:49:15.865Z [info]: Validate Page Title
2025-04-28T12:49:17.001Z [info]: fill Detail Info Form
2025-04-28T12:49:42.032Z [info]: Navigate to Url /program/sdet-test-scholarship
2025-04-28T12:49:45.273Z [info]: Apply to Login
2025-04-28T12:49:45.343Z [info]: Entered Email rdytpqup@testmail.com
2025-04-28T12:49:45.435Z [info]: Go on Next Page
2025-04-28T12:49:48.523Z [info]: Entered First Name Test
2025-04-28T12:49:48.584Z [info]: Entered Last Name data
2025-04-28T12:49:48.634Z [info]: Entered Phone Number 1234567897
2025-04-28T12:49:48.707Z [info]: Entered Password Testdata@1234
2025-04-28T12:49:48.814Z [info]: Click age check box
2025-04-28T12:49:48.919Z [info]: Click submit button
2025-04-28T12:49:56.164Z [info]: Validate Page Title
2025-04-28T12:49:57.069Z [info]: fill Detail Info Form
2025-04-28T12:50:05.302Z [info]: Click Detail Info Form Next Page
2025-04-28T12:50:05.900Z [info]: Add Entities
2025-04-28T12:50:06.051Z [info]: Click Add Entities
2025-04-28T12:50:06.830Z [info]: Add Entities
2025-04-28T12:50:06.983Z [info]: Click Add Entities
2025-04-28T12:50:12.130Z [info]: Go on Next Page
2025-04-28T12:50:14.048Z [info]: Validate Page Title
2025-04-28T12:50:14.878Z [info]: fill School Info Form
2025-04-28T12:50:19.918Z [info]: Uplaod File
2025-04-28T12:50:27.001Z [info]: Click Detail Info Form Next Page
2025-04-28T12:50:28.002Z [info]: Check Validate Essay on Animal
2025-04-28T12:50:28.047Z [info]: Add Essay
2025-04-28T12:50:29.104Z [info]: Check Validate Essay on School
2025-04-28T12:50:29.155Z [info]: Add Essay
2025-04-28T12:50:39.434Z [info]: Check Validate and uncheck Essay on car
2025-04-28T12:50:48.583Z [info]: Check validate and uncheck essay on other
2025-04-28T12:50:48.689Z [info]: Go on Next Page
2025-04-28T12:50:50.637Z [info]: Review Application Title
2025-04-28T12:50:50.823Z [info]: Review Application
2025-04-28T13:22:00.059Z [info]: Navigate to Url /login
2025-04-28T13:22:00.146Z [info]: Entered Email nfhuwgzi@testmail.com
2025-04-28T13:22:00.272Z [info]: Go on Next Page
2025-04-28T13:22:47.740Z [info]: Navigate to Url /program/sdet-test-scholarship
2025-04-28T13:22:49.451Z [info]: Navigate to Url /login
2025-04-28T13:22:49.592Z [info]: Entered Email cbrwoqfb@testmail.com
2025-04-28T13:22:49.969Z [info]: Go on Next Page
2025-04-28T13:22:53.251Z [info]: Apply to Login
2025-04-28T13:22:53.410Z [info]: Entered Email pdorulpeq@testmail.com
2025-04-28T13:22:53.629Z [info]: Go on Next Page
2025-04-28T13:22:58.197Z [info]: Entered First Name Test
2025-04-28T13:22:58.315Z [info]: Entered Last Name data
2025-04-28T13:22:58.400Z [info]: Entered Phone Number 1234567897
2025-04-28T13:22:58.540Z [info]: Entered Password Testdata@1234
2025-04-28T13:22:58.747Z [info]: Click age check box
2025-04-28T13:22:58.913Z [info]: Click submit button
2025-04-28T13:23:07.950Z [info]: Validate Page Title
2025-04-28T13:23:09.207Z [info]: fill Detail Info Form
2025-04-28T13:23:18.527Z [info]: Click Detail Info Form Next Page
2025-04-28T13:23:19.062Z [info]: Add Entities
2025-04-28T13:23:19.253Z [info]: Click Add Entities
2025-04-28T13:23:20.508Z [info]: Add Entities
2025-04-28T13:23:20.674Z [info]: Click Add Entities
2025-04-28T13:23:25.855Z [info]: Go on Next Page
2025-04-28T13:23:27.819Z [info]: Validate Page Title
2025-04-28T13:23:28.798Z [info]: fill School Info Form
2025-04-28T13:23:33.888Z [info]: Uplaod File
2025-04-28T13:23:41.039Z [info]: Click Detail Info Form Next Page
2025-04-28T13:23:42.222Z [info]: Check Validate Essay on Animal
2025-04-28T13:23:42.323Z [info]: Add Essay
2025-04-28T13:23:43.456Z [info]: Check Validate Essay on School
2025-04-28T13:23:43.538Z [info]: Add Essay
2025-04-28T13:23:54.077Z [info]: Check Validate and uncheck Essay on car
2025-04-28T13:24:00.498Z [info]: Check validate and uncheck essay on other
2025-04-28T13:24:00.757Z [info]: Go on Next Page
2025-04-28T13:24:02.755Z [info]: Review Application Title
2025-04-28T13:24:03.312Z [info]: Review Application
2025-04-28T13:24:14.212Z [info]: Click Submit to Application
2025-04-28T13:24:14.281Z [info]: Verify Application status
2025-04-28T13:24:16.791Z [info]: Review Application Title
2025-04-28T13:24:16.833Z [info]: Validate Review Page Edit Option
2025-04-28T13:25:06.151Z [info]: Navigate to Url /login
2025-04-28T13:25:06.267Z [info]: Entered Email dcqjqmmle@testmail.com
2025-04-28T13:25:06.401Z [info]: Go on Next Page
2025-04-28T13:26:46.741Z [info]: Navigate to Url /program/sdet-test-scholarship
2025-04-28T13:26:50.398Z [info]: Apply to Login
2025-04-28T13:26:50.544Z [info]: Entered Email axn@testmail.com
2025-04-28T13:26:50.725Z [info]: Go on Next Page
2025-04-28T13:26:53.906Z [info]: Entered First Name Test
2025-04-28T13:26:54.244Z [info]: Entered Last Name data
2025-04-28T13:26:54.497Z [info]: Entered Phone Number 1234567897
2025-04-28T13:26:54.632Z [info]: Entered Password Testdata@1234
2025-04-28T13:26:54.762Z [info]: Click age check box
2025-04-28T13:26:54.866Z [info]: Click submit button
2025-04-28T13:27:02.578Z [info]: Validate Page Title
2025-04-28T13:27:03.802Z [info]: fill Detail Info Form
2025-04-28T13:27:13.110Z [info]: Click Detail Info Form Next Page
2025-04-28T13:27:13.794Z [info]: Add Entities
2025-04-28T13:27:13.972Z [info]: Click Add Entities
2025-04-28T13:27:15.172Z [info]: Add Entities
2025-04-28T13:27:15.382Z [info]: Click Add Entities
2025-04-28T13:27:20.549Z [info]: Go on Next Page
2025-04-28T13:27:22.550Z [info]: Validate Page Title
2025-04-28T13:27:47.429Z [info]: Navigate to Url /program/sdet-test-scholarship
2025-04-28T13:27:52.007Z [info]: Apply to Login
2025-04-28T13:27:52.091Z [info]: Entered Email ldspzjc@testmail.com
2025-04-28T13:27:52.188Z [info]: Go on Next Page
2025-04-28T13:27:55.973Z [info]: Entered First Name Test
2025-04-28T13:27:56.395Z [info]: Entered Last Name data
2025-04-28T13:27:56.447Z [info]: Entered Phone Number 1234567897
2025-04-28T13:27:56.532Z [info]: Entered Password Testdata@1234
2025-04-28T13:27:56.643Z [info]: Click age check box
2025-04-28T13:27:56.742Z [info]: Click submit button
2025-04-28T13:28:08.155Z [info]: Validate Page Title
2025-04-28T13:28:09.276Z [info]: fill Detail Info Form
2025-04-28T13:28:14.454Z [info]: Click Detail Info Form Next Page
2025-04-28T13:28:15.117Z [info]: Add Entities
2025-04-28T13:28:15.317Z [info]: Click Add Entities
2025-04-28T13:28:16.479Z [info]: Add Entities
2025-04-28T13:28:16.706Z [info]: Click Add Entities
2025-04-28T13:28:21.982Z [info]: Go on Next Page
2025-04-28T13:28:23.936Z [info]: Validate Page Title
2025-04-28T13:28:25.109Z [info]: fill School Info Form
2025-04-28T13:28:30.200Z [info]: Uplaod File
2025-04-28T13:28:37.368Z [info]: Click Detail Info Form Next Page
2025-04-28T13:28:38.456Z [info]: Check Validate Essay on Animal
2025-04-28T13:28:38.510Z [info]: Add Essay
2025-04-28T13:28:39.620Z [info]: Check Validate Essay on School
2025-04-28T13:28:39.689Z [info]: Add Essay
2025-04-28T13:28:50.052Z [info]: Check Validate and uncheck Essay on car
2025-04-28T13:28:56.355Z [info]: Check validate and uncheck essay on other
2025-04-28T13:28:56.540Z [info]: Go on Next Page
2025-04-28T13:28:59.637Z [info]: Review Application Title
2025-04-28T13:29:00.089Z [info]: Review Application
2025-04-28T13:29:11.038Z [info]: Click Submit to Application
2025-04-28T13:29:11.127Z [info]: Verify Application status
2025-04-28T13:29:13.237Z [info]: Review Application Title
2025-04-28T13:29:13.343Z [info]: Validate Review Page Edit Option
2025-04-28T13:29:43.065Z [info]: Navigate to Url /login
2025-04-28T13:29:43.217Z [info]: Entered Email pawtmie@testmail.com
2025-04-28T13:29:43.383Z [info]: Go on Next Page
